# JRE version: OpenJDK Runtime Environment (17.0.6) (build 17.0.6+0-b2043.56-10027231)
# Java VM: OpenJDK 64-Bit Server VM (17.0.6+0-b2043.56-10027231, mixed mode, tiered, compressed oops, compressed class ptrs, g1 gc, windows-amd64)
GC Precious Log:
 CPUs: 8 total, 8 available
 Memory: 7914M
 Large Page Support: Disabled
 NUMA Support: Disabled
 Compressed Oops: Enabled (32-bit)
 Heap Region Size: 1M
 Heap Min Capacity: 8M
 Heap Initial Capacity: 124M
 Heap Max Capacity: 2G
 Pre-touch: Disabled
 Parallel Workers: 8
 Concurrent Workers: 2
 Concurrent Refinement Workers: 8
 Periodic GC: Disabled
Heap:
 garbage-first heap   total 367616K, used 225223K [0x0000000080000000, 0x0000000100000000)
  region size 1024K, 2 young (2048K), 2 survivors (2048K)
 Metaspace       used 132075K, committed 133120K, reserved 1171456K
  class space    used 17842K, committed 18368K, reserved 1048576K
GC Heap History (20 events):
Event: 15.759 GC heap after
{Heap after GC invocations=54 (full 0):
 garbage-first heap   total 290816K, used 169180K [0x0000000080000000, 0x0000000100000000)
  region size 1024K, 1 young (1024K), 1 survivors (1024K)
 Metaspace       used 99153K, committed 100032K, reserved 1138688K
  class space    used 13380K, committed 13760K, reserved 1048576K
}
Event: 16.332 GC heap before
{Heap before GC invocations=54 (full 0):
 garbage-first heap   total 290816K, used 240860K [0x0000000080000000, 0x0000000100000000)
  region size 1024K, 72 young (73728K), 1 survivors (1024K)
 Metaspace       used 100749K, committed 101568K, reserved 1138688K
  class space    used 13528K, committed 13888K, reserved 1048576K
}
Event: 16.340 GC heap after
{Heap after GC invocations=55 (full 0):
 garbage-first heap   total 290816K, used 175698K [0x0000000080000000, 0x0000000100000000)
  region size 1024K, 8 young (8192K), 8 survivors (8192K)
 Metaspace       used 100749K, committed 101568K, reserved 1138688K
  class space    used 13528K, committed 13888K, reserved 1048576K
}
Event: 16.965 GC heap before
{Heap before GC invocations=55 (full 0):
 garbage-first heap   total 290816K, used 242258K [0x0000000080000000, 0x0000000100000000)
  region size 1024K, 73 young (74752K), 8 survivors (8192K)
 Metaspace       used 105091K, committed 106048K, reserved 1146880K
  class space    used 14104K, committed 14592K, reserved 1048576K
}
Event: 16.975 GC heap after
{Heap after GC invocations=56 (full 0):
 garbage-first heap   total 290816K, used 180053K [0x0000000080000000, 0x0000000100000000)
  region size 1024K, 5 young (5120K), 5 survivors (5120K)
 Metaspace       used 105091K, committed 106048K, reserved 1146880K
  class space    used 14104K, committed 14592K, reserved 1048576K
}
Event: 196.646 GC heap before
{Heap before GC invocations=56 (full 0):
 garbage-first heap   total 290816K, used 222037K [0x0000000080000000, 0x0000000100000000)
  region size 1024K, 48 young (49152K), 5 survivors (5120K)
 Metaspace       used 105620K, committed 106624K, reserved 1146880K
  class space    used 14165K, committed 14656K, reserved 1048576K
}
Event: 196.676 GC heap after
{Heap after GC invocations=57 (full 0):
 garbage-first heap   total 290816K, used 182169K [0x0000000080000000, 0x0000000100000000)
  region size 1024K, 7 young (7168K), 7 survivors (7168K)
 Metaspace       used 105620K, committed 106624K, reserved 1146880K
  class space    used 14165K, committed 14656K, reserved 1048576K
}
Event: 197.663 GC heap before
{Heap before GC invocations=58 (full 0):
 garbage-first heap   total 322560K, used 253849K [0x0000000080000000, 0x0000000100000000)
  region size 1024K, 68 young (69632K), 7 survivors (7168K)
 Metaspace       used 112934K, committed 113920K, reserved 1155072K
  class space    used 15078K, committed 15552K, reserved 1048576K
}
Event: 197.685 GC heap after
{Heap after GC invocations=59 (full 0):
 garbage-first heap   total 322560K, used 189992K [0x0000000080000000, 0x0000000100000000)
  region size 1024K, 9 young (9216K), 9 survivors (9216K)
 Metaspace       used 112934K, committed 113920K, reserved 1155072K
  class space    used 15078K, committed 15552K, reserved 1048576K
}
Event: 197.759 GC heap before
{Heap before GC invocations=59 (full 0):
 garbage-first heap   total 322560K, used 196136K [0x0000000080000000, 0x0000000100000000)
  region size 1024K, 15 young (15360K), 9 survivors (9216K)
 Metaspace       used 113447K, committed 114432K, reserved 1155072K
  class space    used 15141K, committed 15616K, reserved 1048576K
}
Event: 197.776 GC heap after
{Heap after GC invocations=60 (full 0):
 garbage-first heap   total 322560K, used 191166K [0x0000000080000000, 0x0000000100000000)
  region size 1024K, 2 young (2048K), 2 survivors (2048K)
 Metaspace       used 113447K, committed 114432K, reserved 1155072K
  class space    used 15141K, committed 15616K, reserved 1048576K
}
Event: 198.669 GC heap before
{Heap before GC invocations=60 (full 0):
 garbage-first heap   total 322560K, used 264894K [0x0000000080000000, 0x0000000100000000)
  region size 1024K, 73 young (74752K), 2 survivors (2048K)
 Metaspace       used 121787K, committed 122752K, reserved 1155072K
  class space    used 16491K, committed 16960K, reserved 1048576K
}
Event: 198.677 GC heap after
{Heap after GC invocations=61 (full 0):
 garbage-first heap   total 322560K, used 195688K [0x0000000080000000, 0x0000000100000000)
  region size 1024K, 6 young (6144K), 6 survivors (6144K)
 Metaspace       used 121787K, committed 122752K, reserved 1155072K
  class space    used 16491K, committed 16960K, reserved 1048576K
}
Event: 199.281 GC heap before
{Heap before GC invocations=61 (full 0):
 garbage-first heap   total 322560K, used 267368K [0x0000000080000000, 0x0000000100000000)
  region size 1024K, 76 young (77824K), 6 survivors (6144K)
 Metaspace       used 126127K, committed 127168K, reserved 1163264K
  class space    used 17130K, committed 17664K, reserved 1048576K
}
Event: 199.294 GC heap after
{Heap after GC invocations=62 (full 0):
 garbage-first heap   total 322560K, used 204380K [0x0000000080000000, 0x0000000100000000)
  region size 1024K, 9 young (9216K), 9 survivors (9216K)
 Metaspace       used 126127K, committed 127168K, reserved 1163264K
  class space    used 17130K, committed 17664K, reserved 1048576K
}
Event: 199.838 GC heap before
{Heap before GC invocations=62 (full 0):
 garbage-first heap   total 322560K, used 258652K [0x0000000080000000, 0x0000000100000000)
  region size 1024K, 64 young (65536K), 9 survivors (9216K)
 Metaspace       used 127098K, committed 128128K, reserved 1163264K
  class space    used 17294K, committed 17792K, reserved 1048576K
}
Event: 199.854 GC heap after
{Heap after GC invocations=63 (full 0):
 garbage-first heap   total 322560K, used 210491K [0x0000000080000000, 0x0000000100000000)
  region size 1024K, 6 young (6144K), 6 survivors (6144K)
 Metaspace       used 127098K, committed 128128K, reserved 1163264K
  class space    used 17294K, committed 17792K, reserved 1048576K
}
Event: 200.674 GC heap before
{Heap before GC invocations=64 (full 0):
 garbage-first heap   total 367616K, used 288315K [0x0000000080000000, 0x0000000100000000)
  region size 1024K, 63 young (64512K), 6 survivors (6144K)
 Metaspace       used 131059K, committed 132096K, reserved 1163264K
  class space    used 17737K, committed 18240K, reserved 1048576K
}
Event: 200.728 GC heap after
{Heap after GC invocations=65 (full 0):
 garbage-first heap   total 367616K, used 226672K [0x0000000080000000, 0x0000000100000000)
  region size 1024K, 8 young (8192K), 8 survivors (8192K)
 Metaspace       used 131059K, committed 132096K, reserved 1163264K
  class space    used 17737K, committed 18240K, reserved 1048576K
}
Event: 200.843 GC heap before
{Heap before GC invocations=65 (full 0):
 garbage-first heap   total 367616K, used 234864K [0x0000000080000000, 0x0000000100000000)
  region size 1024K, 17 young (17408K), 8 survivors (8192K)
 Metaspace       used 132075K, committed 133120K, reserved 1171456K
  class space    used 17842K, committed 18368K, reserved 1048576K
}

