# JRE version: OpenJDK Runtime Environment (17.0.6) (build 17.0.6+0-b2043.56-10027231)
# Java VM: OpenJDK 64-Bit Server VM (17.0.6+0-b2043.56-10027231, mixed mode, tiered, compressed oops, compressed class ptrs, g1 gc, windows-amd64)
GC Precious Log:
 CPUs: 8 total, 8 available
 Memory: 7914M
 Large Page Support: Disabled
 NUMA Support: Disabled
 Compressed Oops: Enabled (32-bit)
 Heap Region Size: 1M
 Heap Min Capacity: 8M
 Heap Initial Capacity: 124M
 Heap Max Capacity: 2G
 Pre-touch: Disabled
 Parallel Workers: 8
 Concurrent Workers: 2
 Concurrent Refinement Workers: 8
 Periodic GC: Disabled
Heap:
 garbage-first heap   total 447488K, used 261863K [0x0000000080000000, 0x0000000100000000)
  region size 1024K, 52 young (53248K), 14 survivors (14336K)
 Metaspace       used 147833K, committed 148608K, reserved 1179648K
  class space    used 19411K, committed 19776K, reserved 1048576K
GC Heap History (20 events):
Event: 31.851 GC heap before
{Heap before GC invocations=45 (full 0):
 garbage-first heap   total 172032K, used 136655K [0x0000000080000000, 0x0000000100000000)
  region size 1024K, 36 young (36864K), 5 survivors (5120K)
 Metaspace       used 88764K, committed 89536K, reserved 1130496K
  class space    used 12266K, committed 12608K, reserved 1048576K
}
Event: 31.857 GC heap after
{Heap after GC invocations=46 (full 0):
 garbage-first heap   total 172032K, used 105891K [0x0000000080000000, 0x0000000100000000)
  region size 1024K, 2 young (2048K), 2 survivors (2048K)
 Metaspace       used 88764K, committed 89536K, reserved 1130496K
  class space    used 12266K, committed 12608K, reserved 1048576K
}
Event: 31.863 GC heap before
{Heap before GC invocations=46 (full 0):
 garbage-first heap   total 172032K, used 106915K [0x0000000080000000, 0x0000000100000000)
  region size 1024K, 4 young (4096K), 2 survivors (2048K)
 Metaspace       used 88804K, committed 89536K, reserved 1130496K
  class space    used 12271K, committed 12608K, reserved 1048576K
}
Event: 31.866 GC heap after
{Heap after GC invocations=47 (full 0):
 garbage-first heap   total 172032K, used 105707K [0x0000000080000000, 0x0000000100000000)
  region size 1024K, 2 young (2048K), 2 survivors (2048K)
 Metaspace       used 88804K, committed 89536K, reserved 1130496K
  class space    used 12271K, committed 12608K, reserved 1048576K
}
Event: 32.281 GC heap before
{Heap before GC invocations=48 (full 0):
 garbage-first heap   total 199680K, used 143595K [0x0000000080000000, 0x0000000100000000)
  region size 1024K, 34 young (34816K), 2 survivors (2048K)
 Metaspace       used 88956K, committed 89728K, reserved 1130496K
  class space    used 12280K, committed 12608K, reserved 1048576K
}
Event: 32.297 GC heap after
{Heap after GC invocations=49 (full 0):
 garbage-first heap   total 199680K, used 114181K [0x0000000080000000, 0x0000000100000000)
  region size 1024K, 5 young (5120K), 5 survivors (5120K)
 Metaspace       used 88956K, committed 89728K, reserved 1130496K
  class space    used 12280K, committed 12608K, reserved 1048576K
}
Event: 32.334 GC heap before
{Heap before GC invocations=49 (full 0):
 garbage-first heap   total 199680K, used 118277K [0x0000000080000000, 0x0000000100000000)
  region size 1024K, 9 young (9216K), 5 survivors (5120K)
 Metaspace       used 88979K, committed 89728K, reserved 1130496K
  class space    used 12280K, committed 12608K, reserved 1048576K
}
Event: 32.341 GC heap after
{Heap after GC invocations=50 (full 0):
 garbage-first heap   total 199680K, used 115215K [0x0000000080000000, 0x0000000100000000)
  region size 1024K, 2 young (2048K), 2 survivors (2048K)
 Metaspace       used 88979K, committed 89728K, reserved 1130496K
  class space    used 12280K, committed 12608K, reserved 1048576K
}
Event: 33.045 GC heap before
{Heap before GC invocations=50 (full 0):
 garbage-first heap   total 199680K, used 158223K [0x0000000080000000, 0x0000000100000000)
  region size 1024K, 44 young (45056K), 2 survivors (2048K)
 Metaspace       used 90657K, committed 91392K, reserved 1130496K
  class space    used 12498K, committed 12800K, reserved 1048576K
}
Event: 33.122 GC heap after
{Heap after GC invocations=51 (full 0):
 garbage-first heap   total 447488K, used 123227K [0x0000000080000000, 0x0000000100000000)
  region size 1024K, 6 young (6144K), 6 survivors (6144K)
 Metaspace       used 90657K, committed 91392K, reserved 1130496K
  class space    used 12498K, committed 12800K, reserved 1048576K
}
Event: 35.978 GC heap before
{Heap before GC invocations=51 (full 0):
 garbage-first heap   total 447488K, used 272731K [0x0000000080000000, 0x0000000100000000)
  region size 1024K, 146 young (149504K), 6 survivors (6144K)
 Metaspace       used 107373K, committed 108096K, reserved 1146880K
  class space    used 14333K, committed 14656K, reserved 1048576K
}
Event: 36.021 GC heap after
{Heap after GC invocations=52 (full 0):
 garbage-first heap   total 447488K, used 140598K [0x0000000080000000, 0x0000000100000000)
  region size 1024K, 17 young (17408K), 17 survivors (17408K)
 Metaspace       used 107373K, committed 108096K, reserved 1146880K
  class space    used 14333K, committed 14656K, reserved 1048576K
}
Event: 41.477 GC heap before
{Heap before GC invocations=52 (full 0):
 garbage-first heap   total 447488K, used 339254K [0x0000000080000000, 0x0000000100000000)
  region size 1024K, 212 young (217088K), 17 survivors (17408K)
 Metaspace       used 126829K, committed 127616K, reserved 1163264K
  class space    used 16506K, committed 16832K, reserved 1048576K
}
Event: 41.554 GC heap after
{Heap after GC invocations=53 (full 0):
 garbage-first heap   total 447488K, used 154053K [0x0000000080000000, 0x0000000100000000)
  region size 1024K, 24 young (24576K), 24 survivors (24576K)
 Metaspace       used 126829K, committed 127616K, reserved 1163264K
  class space    used 16506K, committed 16832K, reserved 1048576K
}
Event: 50.594 GC heap before
{Heap before GC invocations=53 (full 0):
 garbage-first heap   total 447488K, used 364997K [0x0000000080000000, 0x0000000100000000)
  region size 1024K, 204 young (208896K), 24 survivors (24576K)
 Metaspace       used 142745K, committed 143488K, reserved 1179648K
  class space    used 18768K, committed 19136K, reserved 1048576K
}
Event: 50.686 GC heap after
{Heap after GC invocations=54 (full 0):
 garbage-first heap   total 447488K, used 194232K [0x0000000080000000, 0x0000000100000000)
  region size 1024K, 26 young (26624K), 26 survivors (26624K)
 Metaspace       used 142745K, committed 143488K, reserved 1179648K
  class space    used 18768K, committed 19136K, reserved 1048576K
}
Event: 57.943 GC heap before
{Heap before GC invocations=54 (full 0):
 garbage-first heap   total 447488K, used 346808K [0x0000000080000000, 0x0000000100000000)
  region size 1024K, 176 young (180224K), 26 survivors (26624K)
 Metaspace       used 142773K, committed 143616K, reserved 1179648K
  class space    used 18769K, committed 19136K, reserved 1048576K
}
Event: 57.997 GC heap after
{Heap after GC invocations=55 (full 0):
 garbage-first heap   total 447488K, used 207229K [0x0000000080000000, 0x0000000100000000)
  region size 1024K, 14 young (14336K), 14 survivors (14336K)
 Metaspace       used 142773K, committed 143616K, reserved 1179648K
  class space    used 18769K, committed 19136K, reserved 1048576K
}
Event: 61.989 GC heap before
{Heap before GC invocations=55 (full 0):
 garbage-first heap   total 447488K, used 371069K [0x0000000080000000, 0x0000000100000000)
  region size 1024K, 158 young (161792K), 14 survivors (14336K)
 Metaspace       used 142819K, committed 143616K, reserved 1179648K
  class space    used 18780K, committed 19136K, reserved 1048576K
}
Event: 62.007 GC heap after
{Heap after GC invocations=56 (full 0):
 garbage-first heap   total 447488K, used 222951K [0x0000000080000000, 0x0000000100000000)
  region size 1024K, 14 young (14336K), 14 survivors (14336K)
 Metaspace       used 142819K, committed 143616K, reserved 1179648K
  class space    used 18780K, committed 19136K, reserved 1048576K
}

